2023-05-16 17:14:36,895 DEBUG org.springframework.web.filter.CommonsRequestLoggingFilter [http-nio-5050-exec-6] Before request [GET /api/v1/ping, client=0:0:0:0:0:0:0:1]
2023-05-16 17:14:37,335 DEBUG org.springframework.web.filter.CommonsRequestLoggingFilter [http-nio-5050-exec-6] After request [GET /api/v1/ping, client=0:0:0:0:0:0:0:1]
2023-05-16 17:16:04,811 DEBUG org.springframework.web.filter.CommonsRequestLoggingFilter [http-nio-5050-exec-1] Before request [POST /api/v1/register/gst-portal, client=0:0:0:0:0:0:0:1]
2023-05-16 17:16:26,135 DEBUG org.springframework.web.filter.CommonsRequestLoggingFilter [http-nio-5050-exec-1] After request [POST /api/v1/register/gst-portal, client=0:0:0:0:0:0:0:1, payload={
    "userId":"abdul",
    "userPassword":"1234]
2023-05-16 17:40:44,704 INFO org.springframework.boot.StartupInfoLogger [restartedMain] Starting GstPortalApiApplication using Java 1.8.0_202 on LAPTOP-273708ED with PID 28420 (D:\Interlogz\GstPortalApi\Development\GstPortalApi\target\classes started by Abdul in D:\Interlogz\GstPortalApi\Development\GstPortalApi)
2023-05-16 17:40:44,704 DEBUG org.springframework.boot.StartupInfoLogger [restartedMain] Running with Spring Boot v2.5.2, Spring v5.3.8
2023-05-16 17:40:44,704 INFO org.springframework.boot.SpringApplication [restartedMain] No active profile set, falling back to default profiles: default
2023-05-16 17:40:55,715 DEBUG org.springframework.web.filter.GenericFilterBean [restartedMain] Filter 'requestLoggingFilter' configured for use
2023-05-16 17:40:55,721 DEBUG org.springframework.web.filter.GenericFilterBean [restartedMain] Filter 'jwtRequestFilter' configured for use
2023-05-16 17:40:57,735 INFO org.springframework.boot.StartupInfoLogger [restartedMain] Started GstPortalApiApplication in 14.182 seconds (JVM running for 16.941)
2023-05-16 17:41:45,409 DEBUG org.springframework.web.filter.CommonsRequestLoggingFilter [http-nio-5050-exec-1] Before request [POST /api/v1/register/gst-portal, client=0:0:0:0:0:0:0:1]
2023-05-16 17:41:46,679 DEBUG org.springframework.web.filter.CommonsRequestLoggingFilter [http-nio-5050-exec-1] After request [POST /api/v1/register/gst-portal, client=0:0:0:0:0:0:0:1, payload={
    "userId":"abdul",
    "userPassword":"1234]
2023-05-16 17:41:53,870 DEBUG org.springframework.web.filter.CommonsRequestLoggingFilter [http-nio-5050-exec-3] Before request [POST /api/v1/auth/login, client=0:0:0:0:0:0:0:1]
2023-05-16 17:41:54,332 DEBUG org.springframework.web.filter.CommonsRequestLoggingFilter [http-nio-5050-exec-3] After request [POST /api/v1/auth/login, client=0:0:0:0:0:0:0:1, payload={
    "userId":"abdul",
    "password":"1234",
]
2023-05-16 17:43:57,028 DEBUG org.springframework.web.filter.CommonsRequestLoggingFilter [http-nio-5050-exec-8] Before request [POST /api/v1/einvoice/irn, client=0:0:0:0:0:0:0:1, user=abdul]
2023-05-16 17:45:42,448 ERROR com.itz.gst.use_cases.gst_module.portal.GstPortalController [http-nio-5050-exec-8] 404 : [<!doctype html><html lang="en"><head><title>HTTP Status 404 – Not Found</title><style type="text/css">h1 {font-family:Tahoma,Arial,sans-serif;color:white;background-color:#525D76;font-size:22px;} h2 {... (1050 bytes)]
2023-05-16 17:45:42,624 DEBUG org.springframework.web.filter.CommonsRequestLoggingFilter [http-nio-5050-exec-8] After request [POST /api/v1/einvoice/irn, client=0:0:0:0:0:0:0:1, user=abdul, payload={
  "Version": "1.1",
  "TranDtls": {
    "TaxSch"]
2023-05-16 18:35:39,875 INFO org.springframework.boot.StartupInfoLogger [restartedMain] Starting GstPortalApiApplication using Java 1.8.0_202 on LAPTOP-273708ED with PID 28084 (D:\Interlogz\GstPortalApi\Development\GstPortalApi\target\classes started by Abdul in D:\Interlogz\GstPortalApi\Development\GstPortalApi)
2023-05-16 18:35:39,883 DEBUG org.springframework.boot.StartupInfoLogger [restartedMain] Running with Spring Boot v2.5.2, Spring v5.3.8
2023-05-16 18:35:39,883 INFO org.springframework.boot.SpringApplication [restartedMain] No active profile set, falling back to default profiles: default
2023-05-16 18:35:54,358 DEBUG org.springframework.web.filter.GenericFilterBean [restartedMain] Filter 'requestLoggingFilter' configured for use
2023-05-16 18:35:54,358 DEBUG org.springframework.web.filter.GenericFilterBean [restartedMain] Filter 'jwtRequestFilter' configured for use
2023-05-16 18:35:56,780 INFO org.springframework.boot.StartupInfoLogger [restartedMain] Started GstPortalApiApplication in 18.186 seconds (JVM running for 19.68)
2023-05-16 18:36:10,123 INFO org.springframework.boot.StartupInfoLogger [restartedMain] Starting GstPortalApiApplication using Java 1.8.0_202 on LAPTOP-273708ED with PID 4056 (D:\Interlogz\GstPortalApi\Development\GstPortalApi\target\classes started by Abdul in D:\Interlogz\GstPortalApi\Development\GstPortalApi)
2023-05-16 18:36:10,123 DEBUG org.springframework.boot.StartupInfoLogger [restartedMain] Running with Spring Boot v2.5.2, Spring v5.3.8
2023-05-16 18:36:10,123 INFO org.springframework.boot.SpringApplication [restartedMain] No active profile set, falling back to default profiles: default
2023-05-16 18:36:21,978 DEBUG org.springframework.web.filter.GenericFilterBean [restartedMain] Filter 'requestLoggingFilter' configured for use
2023-05-16 18:36:21,986 DEBUG org.springframework.web.filter.GenericFilterBean [restartedMain] Filter 'jwtRequestFilter' configured for use
2023-05-16 18:36:25,961 INFO org.springframework.boot.StartupInfoLogger [restartedMain] Started GstPortalApiApplication in 16.771 seconds (JVM running for 18.548)
2023-05-16 18:37:12,081 INFO org.springframework.boot.StartupInfoLogger [restartedMain] Starting GstPortalApiApplication using Java 1.8.0_202 on LAPTOP-273708ED with PID 20000 (D:\Interlogz\GstPortalApi\Development\GstPortalApi\target\classes started by Abdul in D:\Interlogz\GstPortalApi\Development\GstPortalApi)
2023-05-16 18:37:12,085 DEBUG org.springframework.boot.StartupInfoLogger [restartedMain] Running with Spring Boot v2.5.2, Spring v5.3.8
2023-05-16 18:37:12,087 INFO org.springframework.boot.SpringApplication [restartedMain] No active profile set, falling back to default profiles: default
2023-05-16 18:37:28,120 DEBUG org.springframework.web.filter.GenericFilterBean [restartedMain] Filter 'requestLoggingFilter' configured for use
2023-05-16 18:37:28,120 DEBUG org.springframework.web.filter.GenericFilterBean [restartedMain] Filter 'jwtRequestFilter' configured for use
2023-05-16 18:37:30,096 INFO org.springframework.boot.StartupInfoLogger [restartedMain] Started GstPortalApiApplication in 19.394 seconds (JVM running for 20.828)
2023-05-16 18:37:34,807 DEBUG org.springframework.web.filter.CommonsRequestLoggingFilter [http-nio-5050-exec-1] Before request [POST /api/v1/einvoice/gst, client=0:0:0:0:0:0:0:1, user=abdul]
2023-05-16 18:37:34,856 DEBUG org.springframework.web.filter.CommonsRequestLoggingFilter [http-nio-5050-exec-1] After request [POST /api/v1/einvoice/gst, client=0:0:0:0:0:0:0:1, user=abdul]
2023-05-16 18:37:47,388 DEBUG org.springframework.web.filter.CommonsRequestLoggingFilter [http-nio-5050-exec-4] Before request [GET /api/v1/einvoice/gst, client=0:0:0:0:0:0:0:1, user=abdul]
2023-05-16 18:38:38,038 ERROR com.itz.gst.use_cases.gst_module.portal.GstPortalController [http-nio-5050-exec-4] 404 : [<!doctype html><html lang="en"><head><title>HTTP Status 404 – Not Found</title><style type="text/css">h1 {font-family:Tahoma,Arial,sans-serif;color:white;background-color:#525D76;font-size:22px;} h2 {... (1050 bytes)]
2023-05-16 18:38:38,085 DEBUG org.springframework.web.filter.CommonsRequestLoggingFilter [http-nio-5050-exec-4] After request [GET /api/v1/einvoice/gst, client=0:0:0:0:0:0:0:1, user=abdul]
2023-05-16 18:39:22,591 DEBUG org.springframework.web.filter.CommonsRequestLoggingFilter [http-nio-5050-exec-6] Before request [GET /api/v1/einvoice/gst, client=0:0:0:0:0:0:0:1, user=abdul]
2023-05-16 18:39:28,896 DEBUG org.springframework.web.filter.CommonsRequestLoggingFilter [http-nio-5050-exec-6] After request [GET /api/v1/einvoice/gst, client=0:0:0:0:0:0:0:1, user=abdul]
2023-05-16 18:39:31,778 DEBUG org.springframework.web.filter.CommonsRequestLoggingFilter [http-nio-5050-exec-3] Before request [GET /api/v1/einvoice/gst, client=0:0:0:0:0:0:0:1, user=abdul]
2023-05-16 18:39:58,867 DEBUG org.springframework.web.filter.CommonsRequestLoggingFilter [http-nio-5050-exec-3] After request [GET /api/v1/einvoice/gst, client=0:0:0:0:0:0:0:1, user=abdul]
2023-05-16 18:43:47,639 INFO org.springframework.boot.StartupInfoLogger [restartedMain] Starting GstPortalApiApplication using Java 1.8.0_202 on LAPTOP-273708ED with PID 9016 (D:\Interlogz\GstPortalApi\Development\GstPortalApi\target\classes started by Abdul in D:\Interlogz\GstPortalApi\Development\GstPortalApi)
2023-05-16 18:43:47,639 DEBUG org.springframework.boot.StartupInfoLogger [restartedMain] Running with Spring Boot v2.5.2, Spring v5.3.8
2023-05-16 18:43:47,639 INFO org.springframework.boot.SpringApplication [restartedMain] No active profile set, falling back to default profiles: default
2023-05-16 18:43:56,911 DEBUG org.springframework.web.filter.GenericFilterBean [restartedMain] Filter 'requestLoggingFilter' configured for use
2023-05-16 18:43:56,926 DEBUG org.springframework.web.filter.GenericFilterBean [restartedMain] Filter 'jwtRequestFilter' configured for use
2023-05-16 18:43:59,683 INFO org.springframework.boot.StartupInfoLogger [restartedMain] Started GstPortalApiApplication in 13.288 seconds (JVM running for 14.523)
2023-05-16 18:44:06,371 DEBUG org.springframework.web.filter.CommonsRequestLoggingFilter [http-nio-5050-exec-1] Before request [GET /api/v1/einvoice/gst, client=0:0:0:0:0:0:0:1, user=abdul]
2023-05-16 18:47:03,526 ERROR com.itz.gst.use_cases.gst_module.portal.GstPortalController [http-nio-5050-exec-1] 404 : [<!doctype html><html lang="en"><head><title>HTTP Status 404 – Not Found</title><style type="text/css">h1 {font-family:Tahoma,Arial,sans-serif;color:white;background-color:#525D76;font-size:22px;} h2 {... (1050 bytes)]
2023-05-16 18:47:03,745 DEBUG org.springframework.web.filter.CommonsRequestLoggingFilter [http-nio-5050-exec-1] After request [GET /api/v1/einvoice/gst, client=0:0:0:0:0:0:0:1, user=abdul]
2023-05-16 18:47:32,166 INFO org.springframework.boot.StartupInfoLogger [restartedMain] Starting GstPortalApiApplication using Java 1.8.0_202 on LAPTOP-273708ED with PID 28632 (D:\Interlogz\GstPortalApi\Development\GstPortalApi\target\classes started by Abdul in D:\Interlogz\GstPortalApi\Development\GstPortalApi)
2023-05-16 18:47:32,182 DEBUG org.springframework.boot.StartupInfoLogger [restartedMain] Running with Spring Boot v2.5.2, Spring v5.3.8
2023-05-16 18:47:32,182 INFO org.springframework.boot.SpringApplication [restartedMain] No active profile set, falling back to default profiles: default
2023-05-16 18:47:40,357 DEBUG org.springframework.web.filter.GenericFilterBean [restartedMain] Filter 'requestLoggingFilter' configured for use
2023-05-16 18:47:40,357 DEBUG org.springframework.web.filter.GenericFilterBean [restartedMain] Filter 'jwtRequestFilter' configured for use
2023-05-16 18:47:42,161 INFO org.springframework.boot.StartupInfoLogger [restartedMain] Started GstPortalApiApplication in 10.859 seconds (JVM running for 12.032)
2023-05-16 18:47:47,714 DEBUG org.springframework.web.filter.CommonsRequestLoggingFilter [http-nio-5050-exec-3] Before request [GET /api/v1/einvoice/gst, client=0:0:0:0:0:0:0:1, user=abdul]
2023-05-16 18:48:00,065 DEBUG org.springframework.web.filter.CommonsRequestLoggingFilter [http-nio-5050-exec-3] After request [GET /api/v1/einvoice/gst, client=0:0:0:0:0:0:0:1, user=abdul]
2023-05-16 18:48:18,894 DEBUG org.springframework.web.filter.CommonsRequestLoggingFilter [http-nio-5050-exec-4] Before request [POST /api/v1/einvoice/irn, client=0:0:0:0:0:0:0:1, user=abdul]
2023-05-16 18:48:27,651 DEBUG org.springframework.web.filter.CommonsRequestLoggingFilter [http-nio-5050-exec-4] After request [POST /api/v1/einvoice/irn, client=0:0:0:0:0:0:0:1, user=abdul, payload={
  "Version": "1.1",
  "TranDtls": {
    "TaxSch"]
2023-05-16 18:48:45,611 DEBUG org.springframework.web.filter.CommonsRequestLoggingFilter [http-nio-5050-exec-2] Before request [POST /api/v1/einvoice/irn, client=0:0:0:0:0:0:0:1, user=abdul]
2023-05-16 18:49:20,351 DEBUG org.springframework.web.filter.CommonsRequestLoggingFilter [http-nio-5050-exec-2] After request [POST /api/v1/einvoice/irn, client=0:0:0:0:0:0:0:1, user=abdul, payload={
  "Version": "1.1",
  "TranDtls": {
    "TaxSch"]
2023-05-16 18:49:29,665 DEBUG org.springframework.web.filter.CommonsRequestLoggingFilter [http-nio-5050-exec-6] Before request [GET /api/v1/einvoice/gst, client=0:0:0:0:0:0:0:1, user=abdul]
2023-05-16 18:50:06,752 DEBUG org.springframework.web.filter.CommonsRequestLoggingFilter [http-nio-5050-exec-6] After request [GET /api/v1/einvoice/gst, client=0:0:0:0:0:0:0:1, user=abdul]
2023-05-16 18:50:50,471 INFO org.springframework.boot.StartupInfoLogger [restartedMain] Starting GstPortalApiApplication using Java 1.8.0_202 on LAPTOP-273708ED with PID 8968 (D:\Interlogz\GstPortalApi\Development\GstPortalApi\target\classes started by Abdul in D:\Interlogz\GstPortalApi\Development\GstPortalApi)
2023-05-16 18:50:50,483 DEBUG org.springframework.boot.StartupInfoLogger [restartedMain] Running with Spring Boot v2.5.2, Spring v5.3.8
2023-05-16 18:50:50,483 INFO org.springframework.boot.SpringApplication [restartedMain] No active profile set, falling back to default profiles: default
2023-05-16 18:50:59,730 DEBUG org.springframework.web.filter.GenericFilterBean [restartedMain] Filter 'requestLoggingFilter' configured for use
2023-05-16 18:50:59,730 DEBUG org.springframework.web.filter.GenericFilterBean [restartedMain] Filter 'jwtRequestFilter' configured for use
2023-05-16 18:51:01,557 INFO org.springframework.boot.StartupInfoLogger [restartedMain] Started GstPortalApiApplication in 12.085 seconds (JVM running for 13.433)
2023-05-16 18:51:05,869 DEBUG org.springframework.web.filter.CommonsRequestLoggingFilter [http-nio-5050-exec-2] Before request [GET /api/v1/einvoice/gst, client=0:0:0:0:0:0:0:1, user=abdul]
2023-05-16 18:51:11,456 DEBUG org.springframework.web.filter.CommonsRequestLoggingFilter [http-nio-5050-exec-2] After request [GET /api/v1/einvoice/gst, client=0:0:0:0:0:0:0:1, user=abdul]
2023-05-16 18:51:18,408 DEBUG org.springframework.web.filter.CommonsRequestLoggingFilter [http-nio-5050-exec-4] Before request [POST /api/v1/einvoice/irn, client=0:0:0:0:0:0:0:1, user=abdul]
2023-05-16 18:51:21,129 DEBUG org.springframework.web.filter.CommonsRequestLoggingFilter [http-nio-5050-exec-4] After request [POST /api/v1/einvoice/irn, client=0:0:0:0:0:0:0:1, user=abdul, payload={
  "Version": "1.1",
  "TranDtls": {
    "TaxSch"]
